[  273705ms] ReferenceError: handleMouseEnter is not defined
    at onMouseEnter (webpack-internal:///./src/components/ProjectThumb.jsx:142:21)
    at HTMLUnknownElement.callCallback (webpack-internal:///./node_modules/react-dom/cjs/react-dom.development.js:4164:14)
    at Object.invokeGuardedCallbackDev (webpack-internal:///./node_modules/react-dom/cjs/react-dom.development.js:4213:16)
    at invokeGuardedCallback (webpack-internal:///./node_modules/react-dom/cjs/react-dom.development.js:4277:31)
    at invokeGuardedCallbackAndCatchFirstError (webpack-internal:///./node_modules/react-dom/cjs/react-dom.development.js:4291:25)
    at executeDispatch (webpack-internal:///./node_modules/react-dom/cjs/react-dom.development.js:9041:3)
    at processDispatchQueueItemsInOrder (webpack-internal:///./node_modules/react-dom/cjs/react-dom.development.js:9073:7)
    at processDispatchQueue (webpack-internal:///./node_modules/react-dom/cjs/react-dom.development.js:9086:5)
    at dispatchEventsForPlugins (webpack-internal:///./node_modules/react-dom/cjs/react-dom.development.js:9097:3)
    at eval (webpack-internal:///./node_modules/react-dom/cjs/react-dom.development.js:9288:12)
    at batchedUpdates$1 (webpack-internal:///./node_modules/react-dom/cjs/react-dom.development.js:26135:12)
    at batchedUpdates (webpack-internal:///./node_modules/react-dom/cjs/react-dom.development.js:3991:12)
    at dispatchEventForPluginEventSystem (webpack-internal:///./node_modules/react-dom/cjs/react-dom.development.js:9287:3)
    at dispatchEventWithEnableCapturePhaseSelectiveHydrationWithoutDiscreteEventReplay (webpack-internal:///./node_modules/react-dom/cjs/react-dom.development.js:6465:5)
    at dispatchEvent (webpack-internal:///./node_modules/react-dom/cjs/react-dom.development.js:6457:5)
    at dispatchContinuousEvent (webpack-internal:///./node_modules/react-dom/cjs/react-dom.development.js:6444:5)
[  273708ms] ReferenceError: handleMouseEnter is not defined
    at onMouseEnter (webpack-internal:///./src/components/ProjectThumb.jsx:142:21)
    at HTMLUnknownElement.callCallback (webpack-internal:///./node_modules/react-dom/cjs/react-dom.development.js:4164:14)
    at Object.invokeGuardedCallbackDev (webpack-internal:///./node_modules/react-dom/cjs/react-dom.development.js:4213:16)
    at invokeGuardedCallback (webpack-internal:///./node_modules/react-dom/cjs/react-dom.development.js:4277:31)
    at invokeGuardedCallbackAndCatchFirstError (webpack-internal:///./node_modules/react-dom/cjs/react-dom.development.js:4291:25)
    at executeDispatch (webpack-internal:///./node_modules/react-dom/cjs/react-dom.development.js:9041:3)
    at processDispatchQueueItemsInOrder (webpack-internal:///./node_modules/react-dom/cjs/react-dom.development.js:9073:7)
    at processDispatchQueue (webpack-internal:///./node_modules/react-dom/cjs/react-dom.development.js:9086:5)
    at dispatchEventsForPlugins (webpack-internal:///./node_modules/react-dom/cjs/react-dom.development.js:9097:3)
    at eval (webpack-internal:///./node_modules/react-dom/cjs/react-dom.development.js:9288:12)
    at batchedUpdates$1 (webpack-internal:///./node_modules/react-dom/cjs/react-dom.development.js:26135:12)
    at batchedUpdates (webpack-internal:///./node_modules/react-dom/cjs/react-dom.development.js:3991:12)
    at dispatchEventForPluginEventSystem (webpack-internal:///./node_modules/react-dom/cjs/react-dom.development.js:9287:3)
    at dispatchEventWithEnableCapturePhaseSelectiveHydrationWithoutDiscreteEventReplay (webpack-internal:///./node_modules/react-dom/cjs/react-dom.development.js:6465:5)
    at dispatchEvent (webpack-internal:///./node_modules/react-dom/cjs/react-dom.development.js:6457:5)
    at dispatchContinuousEvent (webpack-internal:///./node_modules/react-dom/cjs/react-dom.development.js:6444:5)
[  300165ms] ReferenceError: handleMouseEnter is not defined
    at onMouseEnter (webpack-internal:///./src/components/ProjectThumb.jsx:142:21)
    at HTMLUnknownElement.callCallback (webpack-internal:///./node_modules/react-dom/cjs/react-dom.development.js:4164:14)
    at Object.invokeGuardedCallbackDev (webpack-internal:///./node_modules/react-dom/cjs/react-dom.development.js:4213:16)
    at invokeGuardedCallback (webpack-internal:///./node_modules/react-dom/cjs/react-dom.development.js:4277:31)
    at invokeGuardedCallbackAndCatchFirstError (webpack-internal:///./node_modules/react-dom/cjs/react-dom.development.js:4291:25)
    at executeDispatch (webpack-internal:///./node_modules/react-dom/cjs/react-dom.development.js:9041:3)
    at processDispatchQueueItemsInOrder (webpack-internal:///./node_modules/react-dom/cjs/react-dom.development.js:9073:7)
    at processDispatchQueue (webpack-internal:///./node_modules/react-dom/cjs/react-dom.development.js:9086:5)
    at dispatchEventsForPlugins (webpack-internal:///./node_modules/react-dom/cjs/react-dom.development.js:9097:3)
    at eval (webpack-internal:///./node_modules/react-dom/cjs/react-dom.development.js:9288:12)
    at batchedUpdates$1 (webpack-internal:///./node_modules/react-dom/cjs/react-dom.development.js:26135:12)
    at batchedUpdates (webpack-internal:///./node_modules/react-dom/cjs/react-dom.development.js:3991:12)
    at dispatchEventForPluginEventSystem (webpack-internal:///./node_modules/react-dom/cjs/react-dom.development.js:9287:3)
    at dispatchEventWithEnableCapturePhaseSelectiveHydrationWithoutDiscreteEventReplay (webpack-internal:///./node_modules/react-dom/cjs/react-dom.development.js:6465:5)
    at dispatchEvent (webpack-internal:///./node_modules/react-dom/cjs/react-dom.development.js:6457:5)
    at dispatchContinuousEvent (webpack-internal:///./node_modules/react-dom/cjs/react-dom.development.js:6444:5)
[  300166ms] ReferenceError: handleMouseEnter is not defined
    at onMouseEnter (webpack-internal:///./src/components/ProjectThumb.jsx:142:21)
    at HTMLUnknownElement.callCallback (webpack-internal:///./node_modules/react-dom/cjs/react-dom.development.js:4164:14)
    at Object.invokeGuardedCallbackDev (webpack-internal:///./node_modules/react-dom/cjs/react-dom.development.js:4213:16)
    at invokeGuardedCallback (webpack-internal:///./node_modules/react-dom/cjs/react-dom.development.js:4277:31)
    at invokeGuardedCallbackAndCatchFirstError (webpack-internal:///./node_modules/react-dom/cjs/react-dom.development.js:4291:25)
    at executeDispatch (webpack-internal:///./node_modules/react-dom/cjs/react-dom.development.js:9041:3)
    at processDispatchQueueItemsInOrder (webpack-internal:///./node_modules/react-dom/cjs/react-dom.development.js:9073:7)
    at processDispatchQueue (webpack-internal:///./node_modules/react-dom/cjs/react-dom.development.js:9086:5)
    at dispatchEventsForPlugins (webpack-internal:///./node_modules/react-dom/cjs/react-dom.development.js:9097:3)
    at eval (webpack-internal:///./node_modules/react-dom/cjs/react-dom.development.js:9288:12)
    at batchedUpdates$1 (webpack-internal:///./node_modules/react-dom/cjs/react-dom.development.js:26135:12)
    at batchedUpdates (webpack-internal:///./node_modules/react-dom/cjs/react-dom.development.js:3991:12)
    at dispatchEventForPluginEventSystem (webpack-internal:///./node_modules/react-dom/cjs/react-dom.development.js:9287:3)
    at dispatchEventWithEnableCapturePhaseSelectiveHydrationWithoutDiscreteEventReplay (webpack-internal:///./node_modules/react-dom/cjs/react-dom.development.js:6465:5)
    at dispatchEvent (webpack-internal:///./node_modules/react-dom/cjs/react-dom.development.js:6457:5)
    at dispatchContinuousEvent (webpack-internal:///./node_modules/react-dom/cjs/react-dom.development.js:6444:5)
